
7월 02, 2019 09:34:31.10 NEW SESSION
7월 02, 2019 09:34:31.10 [1700:5596:0702/093431.103:ERROR:audio_manager_base.cc(363)] Invalid audio output parameters received; using fake audio path: format: 0, channel_layout: 0, channels: 0, sample_rate: 0, frames_per_buffer: 0, effects: 0, mic_positions: 
7월 02, 2019 09:38:28.06 [1700:5596:0702/093828.067:ERROR:audio_manager_base.cc(363)] Invalid audio output parameters received; using fake audio path: format: 0, channel_layout: 0, channels: 0, sample_rate: 0, frames_per_buffer: 0, effects: 0, mic_positions: 
7월 02, 2019 14:56:14.25 [1700:9104:0702/145614.256:ERROR:platform_sensor_reader_win.cc(244)] NOT IMPLEMENTED
7월 02, 2019 16:19:42.57 [1700:9104:0702/161942.572:ERROR:platform_sensor_reader_win.cc(244)] NOT IMPLEMENTED
7월 02, 2019 16:19:52.63 [1700:9104:0702/161952.639:ERROR:platform_sensor_reader_win.cc(244)] NOT IMPLEMENTED
7월 02, 2019 16:20:14.48 [1700:9104:0702/162014.488:ERROR:platform_sensor_reader_win.cc(244)] NOT IMPLEMENTED
7월 02, 2019 16:20:20.42 [1700:9104:0702/162020.420:ERROR:platform_sensor_reader_win.cc(244)] NOT IMPLEMENTED
7월 02, 2019 16:20:33.65 [1700:9104:0702/162033.655:ERROR:platform_sensor_reader_win.cc(244)] NOT IMPLEMENTED
7월 02, 2019 16:20:40.50 [1700:9104:0702/162040.505:ERROR:platform_sensor_reader_win.cc(244)] NOT IMPLEMENTED
7월 02, 2019 16:20:53.60 [1700:9104:0702/162053.601:ERROR:platform_sensor_reader_win.cc(244)] NOT IMPLEMENTED
7월 02, 2019 16:20:58.99 [1700:9104:0702/162058.996:ERROR:platform_sensor_reader_win.cc(244)] NOT IMPLEMENTED
7월 02, 2019 16:21:06.70 [1700:9104:0702/162106.699:ERROR:platform_sensor_reader_win.cc(244)] NOT IMPLEMENTED
7월 02, 2019 16:22:10.55 [1700:5596:0702/162210.556:ERROR:audio_manager_base.cc(363)] Invalid audio output parameters received; using fake audio path: format: 0, channel_layout: 0, channels: 0, sample_rate: 0, frames_per_buffer: 0, effects: 0, mic_positions: 
7월 02, 2019 16:22:18.71 [1700:5596:0702/162218.713:ERROR:audio_manager_base.cc(363)] Invalid audio output parameters received; using fake audio path: format: 0, channel_layout: 0, channels: 0, sample_rate: 0, frames_per_buffer: 0, effects: 0, mic_positions: 
7월 02, 2019 16:24:44.69 [1700:9104:0702/162444.695:ERROR:platform_sensor_reader_win.cc(244)] NOT IMPLEMENTED
7월 02, 2019 16:29:40.71 [1700:5596:0702/162940.717:ERROR:audio_manager_base.cc(363)] Invalid audio output parameters received; using fake audio path: format: 0, channel_layout: 0, channels: 0, sample_rate: 0, frames_per_buffer: 0, effects: 0, mic_positions: 
7월 02, 2019 16:32:28.01 [1700:9104:0702/163228.011:ERROR:platform_sensor_reader_win.cc(244)] NOT IMPLEMENTED
7월 02, 2019 16:32:28.53 [1700:9104:0702/163228.532:ERROR:platform_sensor_reader_win.cc(244)] NOT IMPLEMENTED
7월 02, 2019 16:32:41.43 [1700:9104:0702/163241.439:ERROR:platform_sensor_reader_win.cc(244)] NOT IMPLEMENTED
7월 02, 2019 16:33:13.26 [1700:9104:0702/163313.266:ERROR:platform_sensor_reader_win.cc(244)] NOT IMPLEMENTED
7월 02, 2019 16:36:05.13 [1700:5596:0702/163605.134:ERROR:audio_manager_base.cc(363)] Invalid audio output parameters received; using fake audio path: format: 0, channel_layout: 0, channels: 0, sample_rate: 0, frames_per_buffer: 0, effects: 0, mic_positions: 
7월 02, 2019 17:13:03.91 [1700:5596:0702/171303.910:ERROR:audio_manager_base.cc(363)] Invalid audio output parameters received; using fake audio path: format: 0, channel_layout: 0, channels: 0, sample_rate: 0, frames_per_buffer: 0, effects: 0, mic_positions: 
7월 02, 2019 17:43:21.42 [1700:9104:0702/174321.427:ERROR:platform_sensor_reader_win.cc(244)] NOT IMPLEMENTED
7월 02, 2019 17:43:21.84 [1700:9104:0702/174321.841:ERROR:platform_sensor_reader_win.cc(244)] NOT IMPLEMENTED

7월 10, 2019 11:37:52.70 NEW SESSION
7월 10, 2019 11:37:52.70 [12344:7008:0710/113752.559:ERROR:http_bridge.cc(110)] NOT IMPLEMENTED
7월 10, 2019 11:37:53.02 [12344:13920:0710/113753.028:ERROR:browser_process_sub_thread.cc(221)] Waited 142 ms for network service
